2025-11-12 03:02:05,317 [INFO] 🚀 Starting Sales Data Processor
2025-11-12 03:02:05,317 [INFO] INFO: Processing 5 file(s) from data/in// ...
2025-11-12 03:02:05,320 [INFO] ✅ Processed: sales_test_02.csv
2025-11-12 03:02:05,320 [INFO] 📦 Moved to: data/out/sales_test_02.csv
2025-11-12 03:02:05,321 [INFO] ✅ Processed: sales_test_05.csv
2025-11-12 03:02:05,321 [INFO] 📦 Moved to: data/out/sales_test_05.csv
2025-11-12 03:02:05,323 [INFO] ✅ Processed: sales_test_01.csv
2025-11-12 03:02:05,323 [INFO] 📦 Moved to: data/out/sales_test_01.csv
2025-11-12 03:02:05,325 [INFO] ✅ Processed: sales_test_04.csv
2025-11-12 03:02:05,325 [INFO] 📦 Moved to: data/out/sales_test_04.csv
2025-11-12 03:02:05,327 [INFO] ✅ Processed: sales_test_03.csv
2025-11-12 03:02:05,327 [INFO] 📦 Moved to: data/out/sales_test_03.csv
2025-11-12 03:02:05,328 [INFO] 🧾 Reports written to: reports
2025-11-12 03:02:05,328 [INFO] 📂 Success files moved to: data/out
2025-11-12 03:02:05,328 [INFO] 🚨 Error files moved to: data/err
2025-11-12 03:02:05,328 [INFO] ✅ All done!
2025-11-12 03:02:05,328 [INFO] 📄 Logs saved to: logs/system.log
2025-11-12 03:10:09,648 [INFO] 🚀 Starting Sales Data Processor
2025-11-12 03:10:09,648 [INFO] INFO: Processing 4 file(s) from data/in// ...
2025-11-12 03:10:09,652 [INFO] ✅ Processed: sales_auto_20251112_030859.csv
2025-11-12 03:10:09,652 [INFO] 📦 Moved to: data/out/sales_auto_20251112_030859.csv
2025-11-12 03:10:09,653 [INFO] ✅ Processed: sales_auto_20251112_030652.csv
2025-11-12 03:10:09,653 [INFO] 📦 Moved to: data/out/sales_auto_20251112_030652.csv
2025-11-12 03:10:09,654 [INFO] ✅ Processed: sales_auto_20251112_030829.csv
2025-11-12 03:10:09,654 [INFO] 📦 Moved to: data/out/sales_auto_20251112_030829.csv
2025-11-12 03:10:09,656 [INFO] ✅ Processed: sales_auto_20251112_030929.csv
2025-11-12 03:10:09,656 [INFO] 📦 Moved to: data/out/sales_auto_20251112_030929.csv
2025-11-12 03:10:09,657 [INFO] 🧾 Reports written to: reports
2025-11-12 03:10:09,657 [INFO] 📂 Success files moved to: data/out
2025-11-12 03:10:09,657 [INFO] 🚨 Error files moved to: data/err
2025-11-12 03:10:09,657 [INFO] ✅ All done!
2025-11-12 03:10:09,657 [INFO] 📄 Logs saved to: logs/system.log
